  Camera.cpp
  GUItextRectangle.cpp
  Light.cpp
C:\Users\Андрюшенька\OneDrive\Рабочий стол\KGlabs-master3\LAB2\KGlab\Light.cpp(151,21): warning C4305: инициализация: усечение из "double" в "GLfloat"
C:\Users\Андрюшенька\OneDrive\Рабочий стол\KGlabs-master3\LAB2\KGlab\Light.cpp(151,26): warning C4305: инициализация: усечение из "double" в "GLfloat"
C:\Users\Андрюшенька\OneDrive\Рабочий стол\KGlabs-master3\LAB2\KGlab\Light.cpp(151,31): warning C4305: инициализация: усечение из "double" в "GLfloat"
C:\Users\Андрюшенька\OneDrive\Рабочий стол\KGlabs-master3\LAB2\KGlab\Light.cpp(153,21): warning C4305: инициализация: усечение из "double" в "GLfloat"
C:\Users\Андрюшенька\OneDrive\Рабочий стол\KGlabs-master3\LAB2\KGlab\Light.cpp(153,26): warning C4305: инициализация: усечение из "double" в "GLfloat"
C:\Users\Андрюшенька\OneDrive\Рабочий стол\KGlabs-master3\LAB2\KGlab\Light.cpp(153,31): warning C4305: инициализация: усечение из "double" в "GLfloat"
C:\Users\Андрюшенька\OneDrive\Рабочий стол\KGlabs-master3\LAB2\KGlab\Light.cpp(157,26): warning C4838: Преобразование из "double" в "GLfloat" требует сужающего преобразования.
C:\Users\Андрюшенька\OneDrive\Рабочий стол\KGlabs-master3\LAB2\KGlab\Light.cpp(157,26): warning C4244: инициализация: преобразование "double" в "GLfloat", возможна потеря данных
C:\Users\Андрюшенька\OneDrive\Рабочий стол\KGlabs-master3\LAB2\KGlab\Light.cpp(157,32): warning C4838: Преобразование из "double" в "GLfloat" требует сужающего преобразования.
C:\Users\Андрюшенька\OneDrive\Рабочий стол\KGlabs-master3\LAB2\KGlab\Light.cpp(157,32): warning C4244: инициализация: преобразование "double" в "GLfloat", возможна потеря данных
C:\Users\Андрюшенька\OneDrive\Рабочий стол\KGlabs-master3\LAB2\KGlab\Light.cpp(157,38): warning C4838: Преобразование из "double" в "GLfloat" требует сужающего преобразования.
C:\Users\Андрюшенька\OneDrive\Рабочий стол\KGlabs-master3\LAB2\KGlab\Light.cpp(157,38): warning C4244: инициализация: преобразование "double" в "GLfloat", возможна потеря данных
  main.cpp
  MyOGL.cpp
C:\Users\Андрюшенька\OneDrive\Рабочий стол\KGlabs-master3\LAB2\KGlab\MyOGL.cpp(153,16): warning C4244: аргумент: преобразование "WPARAM" в "int", возможна потеря данных
C:\Users\Андрюшенька\OneDrive\Рабочий стол\KGlabs-master3\LAB2\KGlab\MyOGL.cpp(156,18): warning C4244: аргумент: преобразование "WPARAM" в "int", возможна потеря данных
  Render.cpp
C:\Users\Андрюшенька\OneDrive\Рабочий стол\KGlabs-master3\LAB2\KGlab\Render.cpp(325,19): warning C4305: инициализация: усечение из "double" в "float"
C:\Users\Андрюшенька\OneDrive\Рабочий стол\KGlabs-master3\LAB2\KGlab\Render.cpp(325,24): warning C4305: инициализация: усечение из "double" в "float"
C:\Users\Андрюшенька\OneDrive\Рабочий стол\KGlabs-master3\LAB2\KGlab\Render.cpp(325,29): warning C4305: инициализация: усечение из "double" в "float"
C:\Users\Андрюшенька\OneDrive\Рабочий стол\KGlabs-master3\LAB2\KGlab\Render.cpp(326,18): warning C4305: инициализация: усечение из "double" в "float"
C:\Users\Андрюшенька\OneDrive\Рабочий стол\KGlabs-master3\LAB2\KGlab\Render.cpp(326,23): warning C4305: инициализация: усечение из "double" в "float"
C:\Users\Андрюшенька\OneDrive\Рабочий стол\KGlabs-master3\LAB2\KGlab\Render.cpp(327,19): warning C4305: инициализация: усечение из "double" в "float"
C:\Users\Андрюшенька\OneDrive\Рабочий стол\KGlabs-master3\LAB2\KGlab\Render.cpp(327,24): warning C4305: инициализация: усечение из "double" в "float"
C:\Users\Андрюшенька\OneDrive\Рабочий стол\KGlabs-master3\LAB2\KGlab\Render.cpp(327,29): warning C4305: инициализация: усечение из "double" в "float"
  Создание кода...
  KGlab.vcxproj -> C:\Users\Андрюшенька\OneDrive\Рабочий стол\KGlabs-master3\LAB2\x64\Debug\KGlab.exe
